<?xml version="1.0" encoding="UTF-8"?>
<!-- Generated by org.testng.reporters.JUnitXMLReporter -->
<testsuite ignored="0" hostname="LAPTOP-7ON8U4QB" failures="0" tests="2" name="Error Validation Check" time="19.989" errors="0" timestamp="2025-06-02T22:02:02 IST">
  <testcase classname="Automation.Tests.ErrorMessageTest" name="loginErrorCheck" time="0.308"/>
  <testcase classname="Automation.Tests.ErrorMessageTest" name="productErrorCheck" time="8.703"/>
</testsuite> <!-- Error Validation Check -->
