<?xml version="1.0" encoding="UTF-8"?>
<!-- Generated by org.testng.reporters.JUnitXMLReporter -->
<testsuite ignored="2" hostname="LAPTOP-7ON8U4QB" failures="0" tests="0" time="0.017" errors="0" timestamp="2025-05-17T12:17:40 IST">
  <testcase classname="Automation.SeleniumFrameworkDesign.Tests.ErrorMessageTest" name="productErrorCheck" time="0.0">
    <ignored/>
  </testcase> <!-- productErrorCheck -->
  <testcase classname="Automation.SeleniumFrameworkDesign.Tests.ErrorMessageTest" name="loginErrorCheck" time="0.0">
    <ignored/>
  </testcase> <!-- loginErrorCheck -->
</testsuite>
