<?xml version="1.0" encoding="UTF-8"?>
<!-- Generated by org.testng.reporters.JUnitXMLReporter -->
<testsuite ignored="1" hostname="LAPTOP-7ON8U4QB" failures="0" tests="2" name="SubmitOrderCheck" time="20.104" errors="0" timestamp="2025-05-17T12:18:00 IST">
  <testcase classname="Automation.SeleniumFrameworkDesign.Tests.SubmitOrderTest" name="placeOrder" time="3.278"/>
  <testcase classname="Automation.SeleniumFrameworkDesign.Tests.SubmitOrderTest" name="placeOrder" time="9.727"/>
  <testcase classname="Automation.SeleniumFrameworkDesign.Tests.SubmitOrderTest" name="orderHistory" time="0.0">
    <ignored/>
  </testcase> <!-- orderHistory -->
</testsuite> <!-- SubmitOrderCheck -->
