<?xml version="1.0" encoding="UTF-8"?>
<testng-results ignored="3" total="5" passed="2" failed="0" skipped="0">
  <reporter-output>
  </reporter-output>
  <suite started-at="2025-05-17T12:17:40 IST" name="Suite" finished-at="2025-05-17T12:18:00 IST" duration-ms="20104">
    <groups>
      <group name="Purchase">
        <method signature="SubmitOrderTest.placeOrder(java.util.HashMap)[pri:0, instance:Automation.SeleniumFrameworkDesign.Tests.SubmitOrderTest@4a94ee4]" name="placeOrder" class="Automation.SeleniumFrameworkDesign.Tests.SubmitOrderTest"/>
      </group> <!-- Purchase -->
    </groups>
    <test started-at="2025-05-17T12:17:40 IST" name="ErrorValidationCheck" finished-at="2025-05-17T12:17:40 IST" duration-ms="17">
    </test> <!-- ErrorValidationCheck -->
    <test started-at="2025-05-17T12:17:40 IST" name="SubmitOrderCheck" finished-at="2025-05-17T12:18:00 IST" duration-ms="20104">
      <class name="Automation.SeleniumFrameworkDesign.Tests.SubmitOrderTest">
        <test-method is-config="true" signature="launchApplication()[pri:0, instance:Automation.SeleniumFrameworkDesign.Tests.SubmitOrderTest@4a94ee4]" started-at="2025-05-17T12:17:40 IST" name="launchApplication" finished-at="2025-05-17T12:17:44 IST" duration-ms="3567" status="PASS">
          <reporter-output>
          </reporter-output>
        </test-method> <!-- launchApplication -->
        <test-method signature="placeOrder(java.util.HashMap)[pri:0, instance:Automation.SeleniumFrameworkDesign.Tests.SubmitOrderTest@4a94ee4]" started-at="2025-05-17T12:17:44 IST" name="placeOrder" data-provider="getData" finished-at="2025-05-17T12:17:47 IST" duration-ms="3278" status="PASS">
          <params>
            <param index="0">
              <value>
                <![CDATA[{password=Tani@2613, email=taniya09@yomail.com, productName=ADIDAS ORIGINAL}]]>
              </value>
            </param>
          </params>
          <reporter-output>
          </reporter-output>
        </test-method> <!-- placeOrder -->
        <test-method is-config="true" signature="closeBrowser()[pri:0, instance:Automation.SeleniumFrameworkDesign.Tests.SubmitOrderTest@4a94ee4]" started-at="2025-05-17T12:17:47 IST" name="closeBrowser" finished-at="2025-05-17T12:17:47 IST" duration-ms="83" status="PASS">
          <reporter-output>
          </reporter-output>
        </test-method> <!-- closeBrowser -->
        <test-method is-config="true" signature="launchApplication()[pri:0, instance:Automation.SeleniumFrameworkDesign.Tests.SubmitOrderTest@4a94ee4]" started-at="2025-05-17T12:17:47 IST" name="launchApplication" finished-at="2025-05-17T12:17:50 IST" duration-ms="3001" status="PASS">
          <reporter-output>
          </reporter-output>
        </test-method> <!-- launchApplication -->
        <test-method signature="placeOrder(java.util.HashMap)[pri:0, instance:Automation.SeleniumFrameworkDesign.Tests.SubmitOrderTest@4a94ee4]" started-at="2025-05-17T12:17:50 IST" name="placeOrder" data-provider="getData" finished-at="2025-05-17T12:18:00 IST" duration-ms="9727" status="PASS">
          <params>
            <param index="0">
              <value>
                <![CDATA[{password=Rajiv@123, email=rajiv09@yopmail.com, productName=ZARA COAT 3}]]>
              </value>
            </param>
          </params>
          <reporter-output>
          </reporter-output>
        </test-method> <!-- placeOrder -->
        <test-method is-config="true" signature="closeBrowser()[pri:0, instance:Automation.SeleniumFrameworkDesign.Tests.SubmitOrderTest@4a94ee4]" started-at="2025-05-17T12:18:00 IST" name="closeBrowser" finished-at="2025-05-17T12:18:00 IST" duration-ms="120" status="PASS">
          <reporter-output>
          </reporter-output>
        </test-method> <!-- closeBrowser -->
      </class> <!-- Automation.SeleniumFrameworkDesign.Tests.SubmitOrderTest -->
    </test> <!-- SubmitOrderCheck -->
  </suite> <!-- Suite -->
</testng-results>
