<?xml version="1.0" encoding="UTF-8"?>
<testng-results ignored="0" total="2" passed="2" failed="0" skipped="0">
  <reporter-output>
  </reporter-output>
  <suite started-at="2025-06-02T22:01:42 IST" name="Suite" finished-at="2025-06-02T22:02:02 IST" duration-ms="19989">
    <groups>
      <group name="Purchase">
        <method signature="SubmitOrderTest.placeOrder(java.util.HashMap)[pri:0, instance:Automation.Tests.SubmitOrderTest@642a7222]" name="placeOrder" class="Automation.Tests.SubmitOrderTest"/>
      </group> <!-- Purchase -->
      <group name="ErrorHandleing">
        <method signature="ErrorMessageTest.loginErrorCheck()[pri:0, instance:Automation.Tests.ErrorMessageTest@74f6c5d8]" name="loginErrorCheck" class="Automation.Tests.ErrorMessageTest"/>
      </group> <!-- ErrorHandleing -->
    </groups>
    <test started-at="2025-06-02T22:01:42 IST" name="Error Validation Check" finished-at="2025-06-02T22:02:02 IST" duration-ms="19989">
      <class name="Automation.Tests.ErrorMessageTest">
        <test-method is-config="true" signature="launchApplication()[pri:0, instance:Automation.Tests.ErrorMessageTest@74f6c5d8]" started-at="2025-06-02T22:01:42 IST" name="launchApplication" finished-at="2025-06-02T22:01:48 IST" duration-ms="6539" status="PASS">
          <reporter-output>
          </reporter-output>
        </test-method> <!-- launchApplication -->
        <test-method signature="loginErrorCheck()[pri:0, instance:Automation.Tests.ErrorMessageTest@74f6c5d8]" started-at="2025-06-02T22:01:48 IST" name="loginErrorCheck" finished-at="2025-06-02T22:01:49 IST" duration-ms="308" status="PASS">
          <reporter-output>
          </reporter-output>
        </test-method> <!-- loginErrorCheck -->
        <test-method is-config="true" signature="closeBrowser()[pri:0, instance:Automation.Tests.ErrorMessageTest@74f6c5d8]" started-at="2025-06-02T22:01:49 IST" name="closeBrowser" finished-at="2025-06-02T22:01:49 IST" duration-ms="97" status="PASS">
          <reporter-output>
          </reporter-output>
        </test-method> <!-- closeBrowser -->
        <test-method is-config="true" signature="launchApplication()[pri:0, instance:Automation.Tests.ErrorMessageTest@74f6c5d8]" started-at="2025-06-02T22:01:49 IST" name="launchApplication" finished-at="2025-06-02T22:01:53 IST" duration-ms="4188" status="PASS">
          <reporter-output>
          </reporter-output>
        </test-method> <!-- launchApplication -->
        <test-method signature="productErrorCheck()[pri:0, instance:Automation.Tests.ErrorMessageTest@74f6c5d8]" started-at="2025-06-02T22:01:53 IST" name="productErrorCheck" finished-at="2025-06-02T22:02:02 IST" duration-ms="8703" status="PASS">
          <reporter-output>
          </reporter-output>
        </test-method> <!-- productErrorCheck -->
        <test-method is-config="true" signature="closeBrowser()[pri:0, instance:Automation.Tests.ErrorMessageTest@74f6c5d8]" started-at="2025-06-02T22:02:02 IST" name="closeBrowser" finished-at="2025-06-02T22:02:02 IST" duration-ms="83" status="PASS">
          <reporter-output>
          </reporter-output>
        </test-method> <!-- closeBrowser -->
      </class> <!-- Automation.Tests.ErrorMessageTest -->
    </test> <!-- Error Validation Check -->
  </suite> <!-- Suite -->
</testng-results>
